                                                        QUERY PLAN                                                         
---------------------------------------------------------------------------------------------------------------------------
 Seq Scan on products  (cost=0.00..285005.32 rows=10000032 width=115) (actual time=0.069..11701.868 rows=10000000 loops=1)
 Planning time: 0.843 ms
 Execution time: 21444.023 ms
(3 rows)

